<?xml version="1.0" encoding="UTF-8"?>
<testsuite xmlns:xsi="http://www.w3.org/2001/XMLSchema-instance" xsi:noNamespaceSchemaLocation="https://maven.apache.org/surefire/maven-surefire-plugin/xsd/surefire-test-report.xsd" version="3.0.1" name="SEENIT.Scripts.pageLayer.TradeTest" time="87.254" tests="1" errors="0" skipped="0" failures="0">
  <properties>
[...]
</properties>
  <testcase name="login" classname="SEENIT.Scripts.pageLayer.TradeTest" time="80.717">
    <system-out><![CDATA[11:11:30.261 [main] DEBUG io.github.bonigarcia.wdm.WebDriverManager - Using WebDriverManager 5.7.0
11:11:30.576 [main] DEBUG io.github.bonigarcia.wdm.cache.ResolutionCache - Resolution chrome=132 in cache (valid until 11:15:46 30/01/2025 IST)
11:11:30.578 [main] DEBUG io.github.bonigarcia.wdm.cache.ResolutionCache - Resolution chrome132=132.0.6834.159 in cache (valid until 10:15:46 31/01/2025 IST)
11:11:30.579 [main] INFO io.github.bonigarcia.wdm.WebDriverManager - Using chromedriver 132.0.6834.159 (resolved driver for Chrome 132)
11:11:30.600 [main] DEBUG io.github.bonigarcia.wdm.WebDriverManager - Driver chromedriver 132.0.6834.159 found in cache
11:11:30.601 [main] INFO io.github.bonigarcia.wdm.WebDriverManager - Exporting webdriver.chrome.driver as C:\Users\AAA\.cache\selenium\chromedriver\win64\132.0.6834.159\chromedriver.exe
MAP Entry added LOGIN 46
MAP Entry added LOGIN 85
Latest OTP Email Received At: 2025-01-30 11:12:09
212201
2
1
2
2
0
1
MAP Entry added LOGIN 129
Toastify message for login displayed...
11:12:52.177 [main] INFO SEENIT.Scripts.utils.GenericHelper - Logged in to System
11:12:55.503 [main] INFO SEENIT.Scripts.utils.GenericHelper - Dashboard Page Displayed
]]></system-out>
    <system-err><![CDATA[Starting ChromeDriver 132.0.6834.159 (2d77d3fc4452661469b78f115e0aed4d71269739-refs/branch-heads/6834@{#4408}) on port 22510
Only local connections are allowed.
Please see https://chromedriver.chromium.org/security-considerations for suggestions on keeping ChromeDriver safe.
ChromeDriver was started successfully on port 22510.
Jan 30, 2025 11:11:31 AM org.openqa.selenium.remote.ProtocolHandshake createSession
INFO: Detected dialect: W3C
]]></system-err>
  </testcase>
</testsuite>